Filename                          Regions    Missed Regions     Cover   Functions  Missed Functions  Executed       Lines      Missed Lines     Cover    Branches   Missed Branches     Cover
---------------------------------------------------------------------------------------------------------------------------------------------------------------------------------------------
cli/cli.rs                            407                 4    99.02%          10                 0   100.00%         300                 4    98.67%           0                 0         -
cli/dispatcher.rs                     286               286     0.00%           8                 8     0.00%         144               144     0.00%           0                 0         -
config/config.rs                      248               248     0.00%          16                16     0.00%         166               166     0.00%           0                 0         -
core/correlator/correlator.rs          59                59     0.00%           8                 8     0.00%          50                50     0.00%           0                 0         -
core/correlator/event.rs               30                30     0.00%           2                 2     0.00%          25                25     0.00%           0                 0         -
core/netlink/netlink.rs                70                70     0.00%           7                 7     0.00%          41                41     0.00%           0                 0         -
core/netlink/raw_record.rs              3                 3     0.00%           1                 1     0.00%           6                 6     0.00%           0                 0         -
core/parser/audit_types.rs            722               722     0.00%           3                 3     0.00%         720               720     0.00%           0                 0         -
core/parser/parser.rs                 161                39    75.78%           9                 4    55.56%         103                29    71.84%           0                 0         -
core/writer/writer.rs                 333               333     0.00%          16                16     0.00%         183               183     0.00%           0                 0         -
daemon/control.rs                      65                65     0.00%           5                 5     0.00%          52                52     0.00%           0                 0         -
daemon/daemon.rs                      133               133     0.00%           9                 9     0.00%          89                89     0.00%           0                 0         -
daemon/worker.rs                      149               149     0.00%           9                 9     0.00%          94                94     0.00%           0                 0         -
main.rs                                14                14     0.00%           1                 1     0.00%           9                 9     0.00%           0                 0         -
rules/auditctl.rs                     107               107     0.00%           5                 5     0.00%          64                64     0.00%           0                 0         -
rules/filters/filters.rs              648               648     0.00%          49                49     0.00%         394               394     0.00%           0                 0         -
rules/watches/watches.rs              919               919     0.00%          81                81     0.00%         552               552     0.00%           0                 0         -
state.rs                               17                17     0.00%           1                 1     0.00%           7                 7     0.00%           0                 0         -
utils/input_utils.rs                  244               244     0.00%          26                26     0.00%         164               164     0.00%           0                 0         -
utils/utils.rs                        101                80    20.79%           6                 5    16.67%          57                49    14.04%           0                 0         -
---------------------------------------------------------------------------------------------------------------------------------------------------------------------------------------------
TOTAL                                4716              4170    11.58%         272               256     5.88%        3220              2842    11.74%           0                 0         -

Generated by llvm-cov -- llvm version 22.1.0-rust-1.96.0-nightly