Filename                          Regions    Missed Regions     Cover   Functions  Missed Functions  Executed       Lines      Missed Lines     Cover    Branches   Missed Branches     Cover
---------------------------------------------------------------------------------------------------------------------------------------------------------------------------------------------
cli/cli.rs                            407                 4    99.02%          10                 0   100.00%         300                 4    98.67%           0                 0         -
cli/dispatcher.rs                     286               286     0.00%           8                 8     0.00%         144               144     0.00%           0                 0         -
config/config.rs                      248               241     2.82%          16                15     6.25%         166               161     3.01%           0                 0         -
core/correlator/correlator.rs         185                 0   100.00%          14                 0   100.00%         119                 0   100.00%           0                 0         -
core/correlator/event.rs               54                 0   100.00%           5                 0   100.00%          49                 0   100.00%           0                 0         -
core/netlink/netlink.rs               174                22    87.36%          20                 2    90.00%         104                12    88.46%           0                 0         -
core/netlink/raw_record.rs              3                 0   100.00%           1                 0   100.00%           6                 0   100.00%           0                 0         -
core/parser/audit_types.rs            736               707     3.94%           6                 0   100.00%         729               705     3.29%           0                 0         -
core/parser/parser.rs                 269                 1    99.63%          18                 0   100.00%         162                 0   100.00%           0                 0         -
core/writer/writer.rs                 751                53    92.94%          34                 1    97.06%         423                11    97.40%           0                 0         -
daemon/control.rs                      65                65     0.00%           5                 5     0.00%          52                52     0.00%           0                 0         -
daemon/daemon.rs                      133               133     0.00%           9                 9     0.00%          89                89     0.00%           0                 0         -
daemon/worker.rs                      150               150     0.00%           9                 9     0.00%          94                94     0.00%           0                 0         -
main.rs                                14                14     0.00%           1                 1     0.00%           9                 9     0.00%           0                 0         -
rules/auditctl.rs                     107               107     0.00%           5                 5     0.00%          64                64     0.00%           0                 0         -
rules/filters/filters.rs              648               648     0.00%          49                49     0.00%         394               394     0.00%           0                 0         -
rules/watches/watches.rs              919               919     0.00%          81                81     0.00%         552               552     0.00%           0                 0         -
state.rs                               17                17     0.00%           1                 1     0.00%           7                 7     0.00%           0                 0         -
utils/input_utils.rs                  244               244     0.00%          26                26     0.00%         164               164     0.00%           0                 0         -
utils/utils.rs                        101                54    46.53%           6                 2    66.67%          57                33    42.11%           0                 0         -
---------------------------------------------------------------------------------------------------------------------------------------------------------------------------------------------
TOTAL                                5511              3665    33.50%         324               214    33.95%        3684              2495    32.27%           0                 0         -

Generated by llvm-cov -- llvm version 22.1.0-rust-1.96.0-nightly